# JRE version: OpenJDK Runtime Environment 18.9 (11.0.13+8) (build 11.0.13+8-LTS)
# Java VM: OpenJDK 64-Bit Server VM 18.9 (11.0.13+8-LTS, mixed mode, sharing, tiered, compressed oops, g1 gc, linux-amd64)
Heap:
 garbage-first heap   total 627712K, used 123592K [0x00000000c3000000, 0x0000000100000000)
  region size 1024K, 3 young (3072K), 3 survivors (3072K)
 Metaspace       used 1850K, capacity 5266K, committed 5376K, reserved 1056768K
  class space    used 179K, capacity 494K, committed 512K, reserved 1048576K
GC Heap History (20 events):
Event: 2.628 GC heap after
{Heap after GC invocations=3 (full 0):
 garbage-first heap   total 65536K, used 13400K [0x00000000c3000000, 0x0000000100000000)
  region size 1024K, 1 young (1024K), 1 survivors (1024K)
 Metaspace       used 1843K, capacity 5266K, committed 5376K, reserved 1056768K
  class space    used 179K, capacity 494K, committed 512K, reserved 1048576K
}
Event: 2.886 GC heap before
{Heap before GC invocations=3 (full 0):
 garbage-first heap   total 65536K, used 21592K [0x00000000c3000000, 0x0000000100000000)
  region size 1024K, 9 young (9216K), 1 survivors (1024K)
 Metaspace       used 1850K, capacity 5266K, committed 5376K, reserved 1056768K
  class space    used 179K, capacity 494K, committed 512K, reserved 1048576K
}
Event: 3.036 GC heap after
{Heap after GC invocations=4 (full 0):
 garbage-first heap   total 65536K, used 21636K [0x00000000c3000000, 0x0000000100000000)
  region size 1024K, 2 young (2048K), 2 survivors (2048K)
 Metaspace       used 1850K, capacity 5266K, committed 5376K, reserved 1056768K
  class space    used 179K, capacity 494K, committed 512K, reserved 1048576K
}
Event: 3.336 GC heap before
{Heap before GC invocations=4 (full 0):
 garbage-first heap   total 65536K, used 29828K [0x00000000c3000000, 0x0000000100000000)
  region size 1024K, 10 young (10240K), 2 survivors (2048K)
 Metaspace       used 1850K, capacity 5266K, committed 5376K, reserved 1056768K
  class space    used 179K, capacity 494K, committed 512K, reserved 1048576K
}
Event: 3.484 GC heap after
{Heap after GC invocations=5 (full 0):
 garbage-first heap   total 135168K, used 29896K [0x00000000c3000000, 0x0000000100000000)
  region size 1024K, 2 young (2048K), 2 survivors (2048K)
 Metaspace       used 1850K, capacity 5266K, committed 5376K, reserved 1056768K
  class space    used 179K, capacity 494K, committed 512K, reserved 1048576K
}
Event: 3.787 GC heap before
{Heap before GC invocations=5 (full 0):
 garbage-first heap   total 135168K, used 38088K [0x00000000c3000000, 0x0000000100000000)
  region size 1024K, 10 young (10240K), 2 survivors (2048K)
 Metaspace       used 1850K, capacity 5266K, committed 5376K, reserved 1056768K
  class space    used 179K, capacity 494K, committed 512K, reserved 1048576K
}
Event: 3.918 GC heap after
{Heap after GC invocations=6 (full 0):
 garbage-first heap   total 135168K, used 37576K [0x00000000c3000000, 0x0000000100000000)
  region size 1024K, 2 young (2048K), 2 survivors (2048K)
 Metaspace       used 1850K, capacity 5266K, committed 5376K, reserved 1056768K
  class space    used 179K, capacity 494K, committed 512K, reserved 1048576K
}
Event: 4.210 GC heap before
{Heap before GC invocations=6 (full 0):
 garbage-first heap   total 135168K, used 45768K [0x00000000c3000000, 0x0000000100000000)
  region size 1024K, 10 young (10240K), 2 survivors (2048K)
 Metaspace       used 1850K, capacity 5266K, committed 5376K, reserved 1056768K
  class space    used 179K, capacity 494K, committed 512K, reserved 1048576K
}
Event: 4.346 GC heap after
{Heap after GC invocations=7 (full 0):
 garbage-first heap   total 135168K, used 45256K [0x00000000c3000000, 0x0000000100000000)
  region size 1024K, 2 young (2048K), 2 survivors (2048K)
 Metaspace       used 1850K, capacity 5266K, committed 5376K, reserved 1056768K
  class space    used 179K, capacity 494K, committed 512K, reserved 1048576K
}
Event: 4.706 GC heap before
{Heap before GC invocations=7 (full 0):
 garbage-first heap   total 135168K, used 54472K [0x00000000c3000000, 0x0000000100000000)
  region size 1024K, 11 young (11264K), 2 survivors (2048K)
 Metaspace       used 1850K, capacity 5266K, committed 5376K, reserved 1056768K
  class space    used 179K, capacity 494K, committed 512K, reserved 1048576K
}
Event: 4.868 GC heap after
{Heap after GC invocations=8 (full 0):
 garbage-first heap   total 135168K, used 53960K [0x00000000c3000000, 0x0000000100000000)
  region size 1024K, 2 young (2048K), 2 survivors (2048K)
 Metaspace       used 1850K, capacity 5266K, committed 5376K, reserved 1056768K
  class space    used 179K, capacity 494K, committed 512K, reserved 1048576K
}
Event: 5.228 GC heap before
{Heap before GC invocations=8 (full 0):
 garbage-first heap   total 135168K, used 64200K [0x00000000c3000000, 0x0000000100000000)
  region size 1024K, 12 young (12288K), 2 survivors (2048K)
 Metaspace       used 1850K, capacity 5266K, committed 5376K, reserved 1056768K
  class space    used 179K, capacity 494K, committed 512K, reserved 1048576K
}
Event: 5.338 GC heap after
{Heap after GC invocations=9 (full 0):
 garbage-first heap   total 379904K, used 63688K [0x00000000c3000000, 0x0000000100000000)
  region size 1024K, 2 young (2048K), 2 survivors (2048K)
 Metaspace       used 1850K, capacity 5266K, committed 5376K, reserved 1056768K
  class space    used 179K, capacity 494K, committed 512K, reserved 1048576K
}
Event: 6.050 GC heap before
{Heap before GC invocations=9 (full 0):
 garbage-first heap   total 379904K, used 80072K [0x00000000c3000000, 0x0000000100000000)
  region size 1024K, 18 young (18432K), 2 survivors (2048K)
 Metaspace       used 1850K, capacity 5266K, committed 5376K, reserved 1056768K
  class space    used 179K, capacity 494K, committed 512K, reserved 1048576K
}
Event: 6.274 GC heap after
{Heap after GC invocations=10 (full 0):
 garbage-first heap   total 379904K, used 79048K [0x00000000c3000000, 0x0000000100000000)
  region size 1024K, 3 young (3072K), 3 survivors (3072K)
 Metaspace       used 1850K, capacity 5266K, committed 5376K, reserved 1056768K
  class space    used 179K, capacity 494K, committed 512K, reserved 1048576K
}
Event: 6.903 GC heap before
{Heap before GC invocations=10 (full 0):
 garbage-first heap   total 379904K, used 93384K [0x00000000c3000000, 0x0000000100000000)
  region size 1024K, 18 young (18432K), 3 survivors (3072K)
 Metaspace       used 1850K, capacity 5266K, committed 5376K, reserved 1056768K
  class space    used 179K, capacity 494K, committed 512K, reserved 1048576K
}
Event: 7.158 GC heap after
{Heap after GC invocations=11 (full 0):
 garbage-first heap   total 379904K, used 93896K [0x00000000c3000000, 0x0000000100000000)
  region size 1024K, 3 young (3072K), 3 survivors (3072K)
 Metaspace       used 1850K, capacity 5266K, committed 5376K, reserved 1056768K
  class space    used 179K, capacity 494K, committed 512K, reserved 1048576K
}
Event: 7.648 GC heap before
{Heap before GC invocations=11 (full 0):
 garbage-first heap   total 379904K, used 109256K [0x00000000c3000000, 0x0000000100000000)
  region size 1024K, 18 young (18432K), 3 survivors (3072K)
 Metaspace       used 1850K, capacity 5266K, committed 5376K, reserved 1056768K
  class space    used 179K, capacity 494K, committed 512K, reserved 1048576K
}
Event: 7.906 GC heap after
{Heap after GC invocations=12 (full 0):
 garbage-first heap   total 379904K, used 108744K [0x00000000c3000000, 0x0000000100000000)
  region size 1024K, 3 young (3072K), 3 survivors (3072K)
 Metaspace       used 1850K, capacity 5266K, committed 5376K, reserved 1056768K
  class space    used 179K, capacity 494K, committed 512K, reserved 1048576K
}
Event: 8.307 GC heap before
{Heap before GC invocations=12 (full 0):
 garbage-first heap   total 379904K, used 124104K [0x00000000c3000000, 0x0000000100000000)
  region size 1024K, 18 young (18432K), 3 survivors (3072K)
 Metaspace       used 1850K, capacity 5266K, committed 5376K, reserved 1056768K
  class space    used 179K, capacity 494K, committed 512K, reserved 1048576K
}

