# JRE version: OpenJDK Runtime Environment 18.9 (11.0.13+8) (build 11.0.13+8-LTS)
# Java VM: OpenJDK 64-Bit Server VM 18.9 (11.0.13+8-LTS, mixed mode, sharing, tiered, compressed oops, g1 gc, linux-amd64)
Heap:
 garbage-first heap   total 480256K, used 117448K [0x00000000c3000000, 0x0000000100000000)
  region size 1024K, 2 young (2048K), 2 survivors (2048K)
 Metaspace       used 5931K, capacity 6557K, committed 6784K, reserved 1056768K
  class space    used 547K, capacity 627K, committed 640K, reserved 1048576K
GC Heap History (20 events):
Event: 8.808 GC heap after
{Heap after GC invocations=5 (full 0):
 garbage-first heap   total 73728K, used 38600K [0x00000000c3000000, 0x0000000100000000)
  region size 1024K, 2 young (2048K), 2 survivors (2048K)
 Metaspace       used 5916K, capacity 6556K, committed 6784K, reserved 1056768K
  class space    used 546K, capacity 627K, committed 640K, reserved 1048576K
}
Event: 8.845 GC heap before
{Heap before GC invocations=5 (full 0):
 garbage-first heap   total 73728K, used 39624K [0x00000000c3000000, 0x0000000100000000)
  region size 1024K, 3 young (3072K), 2 survivors (2048K)
 Metaspace       used 5916K, capacity 6556K, committed 6784K, reserved 1056768K
  class space    used 546K, capacity 627K, committed 640K, reserved 1048576K
}
Event: 8.852 GC heap after
{Heap after GC invocations=6 (full 0):
 garbage-first heap   total 147456K, used 40136K [0x00000000c3000000, 0x0000000100000000)
  region size 1024K, 1 young (1024K), 1 survivors (1024K)
 Metaspace       used 5916K, capacity 6556K, committed 6784K, reserved 1056768K
  class space    used 546K, capacity 627K, committed 640K, reserved 1048576K
}
Event: 9.412 GC heap before
{Heap before GC invocations=6 (full 0):
 garbage-first heap   total 147456K, used 46280K [0x00000000c3000000, 0x0000000100000000)
  region size 1024K, 7 young (7168K), 1 survivors (1024K)
 Metaspace       used 5916K, capacity 6556K, committed 6784K, reserved 1056768K
  class space    used 546K, capacity 627K, committed 640K, reserved 1048576K
}
Event: 9.475 GC heap after
{Heap after GC invocations=7 (full 0):
 garbage-first heap   total 147456K, used 45579K [0x00000000c3000000, 0x0000000100000000)
  region size 1024K, 1 young (1024K), 1 survivors (1024K)
 Metaspace       used 5916K, capacity 6556K, committed 6784K, reserved 1056768K
  class space    used 546K, capacity 627K, committed 640K, reserved 1048576K
}
Event: 9.853 GC heap before
{Heap before GC invocations=7 (full 0):
 garbage-first heap   total 147456K, used 51723K [0x00000000c3000000, 0x0000000100000000)
  region size 1024K, 7 young (7168K), 1 survivors (1024K)
 Metaspace       used 5916K, capacity 6556K, committed 6784K, reserved 1056768K
  class space    used 546K, capacity 627K, committed 640K, reserved 1048576K
}
Event: 9.928 GC heap after
{Heap after GC invocations=8 (full 0):
 garbage-first heap   total 147456K, used 51898K [0x00000000c3000000, 0x0000000100000000)
  region size 1024K, 1 young (1024K), 1 survivors (1024K)
 Metaspace       used 5916K, capacity 6556K, committed 6784K, reserved 1056768K
  class space    used 546K, capacity 627K, committed 640K, reserved 1048576K
}
Event: 10.289 GC heap before
{Heap before GC invocations=9 (full 0):
 garbage-first heap   total 147456K, used 58042K [0x00000000c3000000, 0x0000000100000000)
  region size 1024K, 7 young (7168K), 1 survivors (1024K)
 Metaspace       used 5916K, capacity 6556K, committed 6784K, reserved 1056768K
  class space    used 546K, capacity 627K, committed 640K, reserved 1048576K
}
Event: 10.352 GC heap after
{Heap after GC invocations=10 (full 0):
 garbage-first heap   total 147456K, used 58056K [0x00000000c3000000, 0x0000000100000000)
  region size 1024K, 1 young (1024K), 1 survivors (1024K)
 Metaspace       used 5916K, capacity 6556K, committed 6784K, reserved 1056768K
  class space    used 546K, capacity 627K, committed 640K, reserved 1048576K
}
Event: 10.869 GC heap before
{Heap before GC invocations=10 (full 0):
 garbage-first heap   total 147456K, used 65224K [0x00000000c3000000, 0x0000000100000000)
  region size 1024K, 8 young (8192K), 1 survivors (1024K)
 Metaspace       used 5916K, capacity 6556K, committed 6784K, reserved 1056768K
  class space    used 546K, capacity 627K, committed 640K, reserved 1048576K
}
Event: 10.954 GC heap after
{Heap after GC invocations=11 (full 0):
 garbage-first heap   total 147456K, used 64712K [0x00000000c3000000, 0x0000000100000000)
  region size 1024K, 1 young (1024K), 1 survivors (1024K)
 Metaspace       used 5916K, capacity 6556K, committed 6784K, reserved 1056768K
  class space    used 546K, capacity 627K, committed 640K, reserved 1048576K
}
Event: 11.345 GC heap before
{Heap before GC invocations=11 (full 0):
 garbage-first heap   total 147456K, used 73928K [0x00000000c3000000, 0x0000000100000000)
  region size 1024K, 10 young (10240K), 1 survivors (1024K)
 Metaspace       used 5931K, capacity 6557K, committed 6784K, reserved 1056768K
  class space    used 547K, capacity 627K, committed 640K, reserved 1048576K
}
Event: 11.472 GC heap after
{Heap after GC invocations=12 (full 0):
 garbage-first heap   total 229376K, used 73416K [0x00000000c3000000, 0x0000000100000000)
  region size 1024K, 2 young (2048K), 2 survivors (2048K)
 Metaspace       used 5931K, capacity 6557K, committed 6784K, reserved 1056768K
  class space    used 547K, capacity 627K, committed 640K, reserved 1048576K
}
Event: 11.905 GC heap before
{Heap before GC invocations=12 (full 0):
 garbage-first heap   total 229376K, used 83656K [0x00000000c3000000, 0x0000000100000000)
  region size 1024K, 12 young (12288K), 2 survivors (2048K)
 Metaspace       used 5931K, capacity 6557K, committed 6784K, reserved 1056768K
  class space    used 547K, capacity 627K, committed 640K, reserved 1048576K
}
Event: 12.165 GC heap after
{Heap after GC invocations=13 (full 0):
 garbage-first heap   total 229376K, used 83144K [0x00000000c3000000, 0x0000000100000000)
  region size 1024K, 2 young (2048K), 2 survivors (2048K)
 Metaspace       used 5931K, capacity 6557K, committed 6784K, reserved 1056768K
  class space    used 547K, capacity 627K, committed 640K, reserved 1048576K
}
Event: 12.344 GC heap before
{Heap before GC invocations=13 (full 0):
 garbage-first heap   total 229376K, used 93384K [0x00000000c3000000, 0x0000000100000000)
  region size 1024K, 13 young (13312K), 2 survivors (2048K)
 Metaspace       used 5931K, capacity 6557K, committed 6784K, reserved 1056768K
  class space    used 547K, capacity 627K, committed 640K, reserved 1048576K
}
Event: 12.503 GC heap after
{Heap after GC invocations=14 (full 0):
 garbage-first heap   total 229376K, used 93896K [0x00000000c3000000, 0x0000000100000000)
  region size 1024K, 2 young (2048K), 2 survivors (2048K)
 Metaspace       used 5931K, capacity 6557K, committed 6784K, reserved 1056768K
  class space    used 547K, capacity 627K, committed 640K, reserved 1048576K
}
Event: 12.876 GC heap before
{Heap before GC invocations=14 (full 0):
 garbage-first heap   total 229376K, used 105160K [0x00000000c3000000, 0x0000000100000000)
  region size 1024K, 13 young (13312K), 2 survivors (2048K)
 Metaspace       used 5931K, capacity 6557K, committed 6784K, reserved 1056768K
  class space    used 547K, capacity 627K, committed 640K, reserved 1048576K
}
Event: 13.044 GC heap after
{Heap after GC invocations=15 (full 0):
 garbage-first heap   total 229376K, used 104648K [0x00000000c3000000, 0x0000000100000000)
  region size 1024K, 2 young (2048K), 2 survivors (2048K)
 Metaspace       used 5931K, capacity 6557K, committed 6784K, reserved 1056768K
  class space    used 547K, capacity 627K, committed 640K, reserved 1048576K
}
Event: 13.424 GC heap before
{Heap before GC invocations=15 (full 0):
 garbage-first heap   total 229376K, used 117960K [0x00000000c3000000, 0x0000000100000000)
  region size 1024K, 15 young (15360K), 2 survivors (2048K)
 Metaspace       used 5931K, capacity 6557K, committed 6784K, reserved 1056768K
  class space    used 547K, capacity 627K, committed 640K, reserved 1048576K
}

